# JRE version: OpenJDK Runtime Environment (11.0.12+7) (build 11.0.12+7-b1504.28-7817840)
# Java VM: OpenJDK 64-Bit Server VM (11.0.12+7-b1504.28-7817840, mixed mode, tiered, compressed oops, g1 gc, windows-amd64)
Heap:
 garbage-first heap   total 225280K, used 151582K [0x0000000080000000, 0x0000000100000000)
  region size 1024K, 58 young (59392K), 9 survivors (9216K)
 Metaspace       used 93794K, capacity 96280K, committed 96504K, reserved 1132544K
  class space    used 12036K, capacity 12948K, committed 13048K, reserved 1048576K
GC Heap History (20 events):
Event: 9.272 GC heap before
{Heap before GC invocations=17 (full 0):
 garbage-first heap   total 155648K, used 120578K [0x0000000080000000, 0x0000000100000000)
  region size 1024K, 66 young (67584K), 6 survivors (6144K)
 Metaspace       used 72835K, capacity 74439K, committed 74616K, reserved 1114112K
  class space    used 9446K, capacity 10073K, committed 10104K, reserved 1048576K
}
Event: 9.279 GC heap after
{Heap after GC invocations=18 (full 0):
 garbage-first heap   total 155648K, used 62824K [0x0000000080000000, 0x0000000100000000)
  region size 1024K, 4 young (4096K), 4 survivors (4096K)
 Metaspace       used 72835K, capacity 74439K, committed 74616K, reserved 1114112K
  class space    used 9446K, capacity 10073K, committed 10104K, reserved 1048576K
}
Event: 9.801 GC heap before
{Heap before GC invocations=18 (full 0):
 garbage-first heap   total 155648K, used 123240K [0x0000000080000000, 0x0000000100000000)
  region size 1024K, 63 young (64512K), 4 survivors (4096K)
 Metaspace       used 76271K, capacity 78034K, committed 78200K, reserved 1116160K
  class space    used 9920K, capacity 10592K, committed 10616K, reserved 1048576K
}
Event: 9.808 GC heap after
{Heap after GC invocations=19 (full 0):
 garbage-first heap   total 155648K, used 67001K [0x0000000080000000, 0x0000000100000000)
  region size 1024K, 8 young (8192K), 8 survivors (8192K)
 Metaspace       used 76271K, capacity 78034K, committed 78200K, reserved 1116160K
  class space    used 9920K, capacity 10592K, committed 10616K, reserved 1048576K
}
Event: 10.749 GC heap before
{Heap before GC invocations=19 (full 0):
 garbage-first heap   total 155648K, used 123321K [0x0000000080000000, 0x0000000100000000)
  region size 1024K, 64 young (65536K), 8 survivors (8192K)
 Metaspace       used 81871K, capacity 83768K, committed 83960K, reserved 1122304K
  class space    used 10656K, capacity 11379K, committed 11512K, reserved 1048576K
}
Event: 10.760 GC heap after
{Heap after GC invocations=20 (full 0):
 garbage-first heap   total 155648K, used 72168K [0x0000000080000000, 0x0000000100000000)
  region size 1024K, 8 young (8192K), 8 survivors (8192K)
 Metaspace       used 81871K, capacity 83768K, committed 83960K, reserved 1122304K
  class space    used 10656K, capacity 11379K, committed 11512K, reserved 1048576K
}
Event: 11.699 GC heap before
{Heap before GC invocations=20 (full 0):
 garbage-first heap   total 155648K, used 124392K [0x0000000080000000, 0x0000000100000000)
  region size 1024K, 60 young (61440K), 8 survivors (8192K)
 Metaspace       used 85494K, capacity 87759K, committed 87928K, reserved 1124352K
  class space    used 11143K, capacity 12021K, committed 12152K, reserved 1048576K
}
Event: 11.710 GC heap after
{Heap after GC invocations=21 (full 0):
 garbage-first heap   total 187392K, used 77660K [0x0000000080000000, 0x0000000100000000)
  region size 1024K, 6 young (6144K), 6 survivors (6144K)
 Metaspace       used 85494K, capacity 87759K, committed 87928K, reserved 1124352K
  class space    used 11143K, capacity 12021K, committed 12152K, reserved 1048576K
}
Event: 12.215 GC heap before
{Heap before GC invocations=21 (full 0):
 garbage-first heap   total 187392K, used 139100K [0x0000000080000000, 0x0000000100000000)
  region size 1024K, 67 young (68608K), 6 survivors (6144K)
 Metaspace       used 85863K, capacity 88138K, committed 88440K, reserved 1126400K
  class space    used 11150K, capacity 12030K, committed 12152K, reserved 1048576K
}
Event: 12.223 GC heap after
{Heap after GC invocations=22 (full 0):
 garbage-first heap   total 187392K, used 83564K [0x0000000080000000, 0x0000000100000000)
  region size 1024K, 6 young (6144K), 6 survivors (6144K)
 Metaspace       used 85863K, capacity 88138K, committed 88440K, reserved 1126400K
  class space    used 11150K, capacity 12030K, committed 12152K, reserved 1048576K
}
Event: 12.502 GC heap before
{Heap before GC invocations=22 (full 0):
 garbage-first heap   total 187392K, used 142956K [0x0000000080000000, 0x0000000100000000)
  region size 1024K, 65 young (66560K), 6 survivors (6144K)
 Metaspace       used 86243K, capacity 88649K, committed 88952K, reserved 1126400K
  class space    used 11167K, capacity 12075K, committed 12152K, reserved 1048576K
}
Event: 12.510 GC heap after
{Heap after GC invocations=23 (full 0):
 garbage-first heap   total 187392K, used 86455K [0x0000000080000000, 0x0000000100000000)
  region size 1024K, 5 young (5120K), 5 survivors (5120K)
 Metaspace       used 86243K, capacity 88649K, committed 88952K, reserved 1126400K
  class space    used 11167K, capacity 12075K, committed 12152K, reserved 1048576K
}
Event: 12.920 GC heap before
{Heap before GC invocations=23 (full 0):
 garbage-first heap   total 187392K, used 146871K [0x0000000080000000, 0x0000000100000000)
  region size 1024K, 64 young (65536K), 5 survivors (5120K)
 Metaspace       used 86772K, capacity 89104K, committed 89336K, reserved 1126400K
  class space    used 11222K, capacity 12132K, committed 12280K, reserved 1048576K
}
Event: 12.928 GC heap after
{Heap after GC invocations=24 (full 0):
 garbage-first heap   total 187392K, used 90848K [0x0000000080000000, 0x0000000100000000)
  region size 1024K, 7 young (7168K), 7 survivors (7168K)
 Metaspace       used 86772K, capacity 89104K, committed 89336K, reserved 1126400K
  class space    used 11222K, capacity 12132K, committed 12280K, reserved 1048576K
}
Event: 13.193 GC heap before
{Heap before GC invocations=24 (full 0):
 garbage-first heap   total 187392K, used 148192K [0x0000000080000000, 0x0000000100000000)
  region size 1024K, 64 young (65536K), 7 survivors (7168K)
 Metaspace       used 86908K, capacity 89317K, committed 89592K, reserved 1126400K
  class space    used 11226K, capacity 12134K, committed 12280K, reserved 1048576K
}
Event: 13.202 GC heap after
{Heap after GC invocations=25 (full 0):
 garbage-first heap   total 187392K, used 94588K [0x0000000080000000, 0x0000000100000000)
  region size 1024K, 6 young (6144K), 6 survivors (6144K)
 Metaspace       used 86908K, capacity 89317K, committed 89592K, reserved 1126400K
  class space    used 11226K, capacity 12134K, committed 12280K, reserved 1048576K
}
Event: 13.495 GC heap before
{Heap before GC invocations=26 (full 0):
 garbage-first heap   total 187392K, used 149884K [0x0000000080000000, 0x0000000100000000)
  region size 1024K, 61 young (62464K), 6 survivors (6144K)
 Metaspace       used 86690K, capacity 88934K, committed 89592K, reserved 1126400K
  class space    used 11139K, capacity 11972K, committed 12280K, reserved 1048576K
}
Event: 13.504 GC heap after
{Heap after GC invocations=27 (full 0):
 garbage-first heap   total 225280K, used 97603K [0x0000000080000000, 0x0000000100000000)
  region size 1024K, 6 young (6144K), 6 survivors (6144K)
 Metaspace       used 86690K, capacity 88934K, committed 89592K, reserved 1126400K
  class space    used 11139K, capacity 11972K, committed 12280K, reserved 1048576K
}
Event: 14.651 GC heap before
{Heap before GC invocations=27 (full 0):
 garbage-first heap   total 225280K, used 171331K [0x0000000080000000, 0x0000000100000000)
  region size 1024K, 79 young (80896K), 6 survivors (6144K)
 Metaspace       used 90885K, capacity 93247K, committed 93688K, reserved 1130496K
  class space    used 11740K, capacity 12617K, committed 12792K, reserved 1048576K
}
Event: 14.657 GC heap after
{Heap after GC invocations=28 (full 0):
 garbage-first heap   total 225280K, used 101406K [0x0000000080000000, 0x0000000100000000)
  region size 1024K, 9 young (9216K), 9 survivors (9216K)
 Metaspace       used 90885K, capacity 93247K, committed 93688K, reserved 1130496K
  class space    used 11740K, capacity 12617K, committed 12792K, reserved 1048576K
}

