# JRE version: OpenJDK Runtime Environment (11.0.12+7) (build 11.0.12+7-b1504.28-7817840)
# Java VM: OpenJDK 64-Bit Server VM (11.0.12+7-b1504.28-7817840, mixed mode, tiered, compressed oops, g1 gc, windows-amd64)
Heap:
 garbage-first heap   total 155648K, used 58164K [0x0000000080000000, 0x0000000100000000)
  region size 1024K, 5 young (5120K), 5 survivors (5120K)
 Metaspace       used 47997K, capacity 49272K, committed 49484K, reserved 1091584K
  class space    used 6159K, capacity 6656K, committed 6732K, reserved 1048576K
GC Heap History (17 events):
Event: 0.849 GC heap before
{Heap before GC invocations=0 (full 0):
 garbage-first heap   total 129024K, used 29696K [0x0000000080000000, 0x0000000100000000)
  region size 1024K, 24 young (24576K), 0 survivors (0K)
 Metaspace       used 10218K, capacity 10391K, committed 10624K, reserved 1058816K
  class space    used 1064K, capacity 1106K, committed 1152K, reserved 1048576K
}
Event: 0.854 GC heap after
{Heap after GC invocations=1 (full 0):
 garbage-first heap   total 129024K, used 9389K [0x0000000080000000, 0x0000000100000000)
  region size 1024K, 3 young (3072K), 3 survivors (3072K)
 Metaspace       used 10218K, capacity 10391K, committed 10624K, reserved 1058816K
  class space    used 1064K, capacity 1106K, committed 1152K, reserved 1048576K
}
Event: 2.388 GC heap before
{Heap before GC invocations=1 (full 0):
 garbage-first heap   total 129024K, used 83117K [0x0000000080000000, 0x0000000100000000)
  region size 1024K, 75 young (76800K), 3 survivors (3072K)
 Metaspace       used 17788K, capacity 18186K, committed 18432K, reserved 1064960K
  class space    used 2088K, capacity 2228K, committed 2304K, reserved 1048576K
}
Event: 2.395 GC heap after
{Heap after GC invocations=2 (full 0):
 garbage-first heap   total 129024K, used 15975K [0x0000000080000000, 0x0000000100000000)
  region size 1024K, 10 young (10240K), 10 survivors (10240K)
 Metaspace       used 17788K, capacity 18186K, committed 18432K, reserved 1064960K
  class space    used 2088K, capacity 2228K, committed 2304K, reserved 1048576K
}
Event: 2.644 GC heap before
{Heap before GC invocations=2 (full 0):
 garbage-first heap   total 129024K, used 45671K [0x0000000080000000, 0x0000000100000000)
  region size 1024K, 40 young (40960K), 10 survivors (10240K)
 Metaspace       used 20725K, capacity 21158K, committed 21248K, reserved 1067008K
  class space    used 2550K, capacity 2729K, committed 2816K, reserved 1048576K
}
Event: 2.651 GC heap after
{Heap after GC invocations=3 (full 0):
 garbage-first heap   total 129024K, used 16998K [0x0000000080000000, 0x0000000100000000)
  region size 1024K, 2 young (2048K), 2 survivors (2048K)
 Metaspace       used 20725K, capacity 21158K, committed 21248K, reserved 1067008K
  class space    used 2550K, capacity 2729K, committed 2816K, reserved 1048576K
}
Event: 3.191 GC heap before
{Heap before GC invocations=4 (full 0):
 garbage-first heap   total 129024K, used 76390K [0x0000000080000000, 0x0000000100000000)
  region size 1024K, 61 young (62464K), 2 survivors (2048K)
 Metaspace       used 27351K, capacity 28038K, committed 28160K, reserved 1073152K
  class space    used 3577K, capacity 3821K, committed 3840K, reserved 1048576K
}
Event: 3.195 GC heap after
{Heap after GC invocations=5 (full 0):
 garbage-first heap   total 129024K, used 19514K [0x0000000080000000, 0x0000000100000000)
  region size 1024K, 4 young (4096K), 4 survivors (4096K)
 Metaspace       used 27351K, capacity 28038K, committed 28160K, reserved 1073152K
  class space    used 3577K, capacity 3821K, committed 3840K, reserved 1048576K
}
Event: 3.903 GC heap before
{Heap before GC invocations=5 (full 0):
 garbage-first heap   total 129024K, used 96314K [0x0000000080000000, 0x0000000100000000)
  region size 1024K, 69 young (70656K), 4 survivors (4096K)
 Metaspace       used 33056K, capacity 33999K, committed 34048K, reserved 1079296K
  class space    used 4475K, capacity 4820K, committed 4864K, reserved 1048576K
}
Event: 3.908 GC heap after
{Heap after GC invocations=6 (full 0):
 garbage-first heap   total 129024K, used 34701K [0x0000000080000000, 0x0000000100000000)
  region size 1024K, 9 young (9216K), 9 survivors (9216K)
 Metaspace       used 33056K, capacity 33999K, committed 34048K, reserved 1079296K
  class space    used 4475K, capacity 4820K, committed 4864K, reserved 1048576K
}
Event: 4.035 GC heap before
{Heap before GC invocations=6 (full 0):
 garbage-first heap   total 129024K, used 42893K [0x0000000080000000, 0x0000000100000000)
  region size 1024K, 18 young (18432K), 9 survivors (9216K)
 Metaspace       used 34879K, capacity 35782K, committed 35840K, reserved 1081344K
  class space    used 4652K, capacity 4989K, committed 4992K, reserved 1048576K
}
Event: 4.044 GC heap after
{Heap after GC invocations=7 (full 0):
 garbage-first heap   total 129024K, used 36482K [0x0000000080000000, 0x0000000100000000)
  region size 1024K, 2 young (2048K), 2 survivors (2048K)
 Metaspace       used 34879K, capacity 35782K, committed 35840K, reserved 1081344K
  class space    used 4652K, capacity 4989K, committed 4992K, reserved 1048576K
}
Event: 4.624 GC heap before
{Heap before GC invocations=8 (full 0):
 garbage-first heap   total 129024K, used 95874K [0x0000000080000000, 0x0000000100000000)
  region size 1024K, 57 young (58368K), 2 survivors (2048K)
 Metaspace       used 41782K, capacity 42810K, committed 42956K, reserved 1087488K
  class space    used 5332K, capacity 5727K, committed 5836K, reserved 1048576K
}
Event: 4.629 GC heap after
{Heap after GC invocations=9 (full 0):
 garbage-first heap   total 129024K, used 42448K [0x0000000080000000, 0x0000000100000000)
  region size 1024K, 8 young (8192K), 8 survivors (8192K)
 Metaspace       used 41782K, capacity 42810K, committed 42956K, reserved 1087488K
  class space    used 5332K, capacity 5727K, committed 5836K, reserved 1048576K
}
Event: 5.135 GC heap before
{Heap before GC invocations=9 (full 0):
 garbage-first heap   total 129024K, used 98768K [0x0000000080000000, 0x0000000100000000)
  region size 1024K, 59 young (60416K), 8 survivors (8192K)
 Metaspace       used 45766K, capacity 46946K, committed 47308K, reserved 1089536K
  class space    used 5800K, capacity 6224K, committed 6348K, reserved 1048576K
}
Event: 5.142 GC heap after
{Heap after GC invocations=10 (full 0):
 garbage-first heap   total 129024K, used 49719K [0x0000000080000000, 0x0000000100000000)
  region size 1024K, 5 young (5120K), 5 survivors (5120K)
 Metaspace       used 45766K, capacity 46946K, committed 47308K, reserved 1089536K
  class space    used 5800K, capacity 6224K, committed 6348K, reserved 1048576K
}
Event: 5.481 GC heap before
{Heap before GC invocations=10 (full 0):
 garbage-first heap   total 129024K, used 100919K [0x0000000080000000, 0x0000000100000000)
  region size 1024K, 51 young (52224K), 5 survivors (5120K)
 Metaspace       used 47997K, capacity 49272K, committed 49484K, reserved 1091584K
  class space    used 6159K, capacity 6656K, committed 6732K, reserved 1048576K
}

