# JRE version: OpenJDK Runtime Environment (11.0.12+7) (build 11.0.12+7-b1504.28-7817840)
# Java VM: OpenJDK 64-Bit Server VM (11.0.12+7-b1504.28-7817840, mixed mode, tiered, compressed oops, g1 gc, windows-amd64)
Heap:
 garbage-first heap   total 155648K, used 48383K [0x0000000080000000, 0x0000000100000000)
  region size 1024K, 4 young (4096K), 4 survivors (4096K)
 Metaspace       used 44021K, capacity 45214K, committed 45312K, reserved 1089536K
  class space    used 5691K, capacity 6117K, committed 6144K, reserved 1048576K
GC Heap History (15 events):
Event: 0.572 GC heap before
{Heap before GC invocations=0 (full 0):
 garbage-first heap   total 129024K, used 29696K [0x0000000080000000, 0x0000000100000000)
  region size 1024K, 24 young (24576K), 0 survivors (0K)
 Metaspace       used 10202K, capacity 10391K, committed 10624K, reserved 1058816K
  class space    used 1062K, capacity 1106K, committed 1152K, reserved 1048576K
}
Event: 0.577 GC heap after
{Heap after GC invocations=1 (full 0):
 garbage-first heap   total 129024K, used 9507K [0x0000000080000000, 0x0000000100000000)
  region size 1024K, 3 young (3072K), 3 survivors (3072K)
 Metaspace       used 10202K, capacity 10391K, committed 10624K, reserved 1058816K
  class space    used 1062K, capacity 1106K, committed 1152K, reserved 1048576K
}
Event: 1.969 GC heap before
{Heap before GC invocations=1 (full 0):
 garbage-first heap   total 129024K, used 83235K [0x0000000080000000, 0x0000000100000000)
  region size 1024K, 75 young (76800K), 3 survivors (3072K)
 Metaspace       used 17728K, capacity 18122K, committed 18432K, reserved 1064960K
  class space    used 2078K, capacity 2228K, committed 2304K, reserved 1048576K
}
Event: 1.975 GC heap after
{Heap after GC invocations=2 (full 0):
 garbage-first heap   total 129024K, used 15997K [0x0000000080000000, 0x0000000100000000)
  region size 1024K, 10 young (10240K), 10 survivors (10240K)
 Metaspace       used 17728K, capacity 18122K, committed 18432K, reserved 1064960K
  class space    used 2078K, capacity 2228K, committed 2304K, reserved 1048576K
}
Event: 2.195 GC heap before
{Heap before GC invocations=2 (full 0):
 garbage-first heap   total 129024K, used 44669K [0x0000000080000000, 0x0000000100000000)
  region size 1024K, 40 young (40960K), 10 survivors (10240K)
 Metaspace       used 20720K, capacity 21158K, committed 21248K, reserved 1067008K
  class space    used 2548K, capacity 2729K, committed 2816K, reserved 1048576K
}
Event: 2.202 GC heap after
{Heap after GC invocations=3 (full 0):
 garbage-first heap   total 129024K, used 16964K [0x0000000080000000, 0x0000000100000000)
  region size 1024K, 2 young (2048K), 2 survivors (2048K)
 Metaspace       used 20720K, capacity 21158K, committed 21248K, reserved 1067008K
  class space    used 2548K, capacity 2729K, committed 2816K, reserved 1048576K
}
Event: 2.753 GC heap before
{Heap before GC invocations=4 (full 0):
 garbage-first heap   total 129024K, used 86596K [0x0000000080000000, 0x0000000100000000)
  region size 1024K, 64 young (65536K), 2 survivors (2048K)
 Metaspace       used 27578K, capacity 28309K, committed 28544K, reserved 1073152K
  class space    used 3615K, capacity 3882K, committed 3968K, reserved 1048576K
}
Event: 2.756 GC heap after
{Heap after GC invocations=5 (full 0):
 garbage-first heap   total 129024K, used 26990K [0x0000000080000000, 0x0000000100000000)
  region size 1024K, 6 young (6144K), 6 survivors (6144K)
 Metaspace       used 27578K, capacity 28309K, committed 28544K, reserved 1073152K
  class space    used 3615K, capacity 3882K, committed 3968K, reserved 1048576K
}
Event: 3.318 GC heap before
{Heap before GC invocations=5 (full 0):
 garbage-first heap   total 129024K, used 91502K [0x0000000080000000, 0x0000000100000000)
  region size 1024K, 66 young (67584K), 6 survivors (6144K)
 Metaspace       used 33286K, capacity 34225K, committed 34304K, reserved 1079296K
  class space    used 4502K, capacity 4832K, committed 4864K, reserved 1048576K
}
Event: 3.324 GC heap after
{Heap after GC invocations=6 (full 0):
 garbage-first heap   total 129024K, used 34951K [0x0000000080000000, 0x0000000100000000)
  region size 1024K, 8 young (8192K), 8 survivors (8192K)
 Metaspace       used 33286K, capacity 34225K, committed 34304K, reserved 1079296K
  class space    used 4502K, capacity 4832K, committed 4864K, reserved 1048576K
}
Event: 3.427 GC heap before
{Heap before GC invocations=6 (full 0):
 garbage-first heap   total 129024K, used 42119K [0x0000000080000000, 0x0000000100000000)
  region size 1024K, 16 young (16384K), 8 survivors (8192K)
 Metaspace       used 34760K, capacity 35675K, committed 35840K, reserved 1079296K
  class space    used 4653K, capacity 4996K, committed 5120K, reserved 1048576K
}
Event: 3.435 GC heap after
{Heap after GC invocations=7 (full 0):
 garbage-first heap   total 129024K, used 36128K [0x0000000080000000, 0x0000000100000000)
  region size 1024K, 5 young (5120K), 5 survivors (5120K)
 Metaspace       used 34760K, capacity 35675K, committed 35840K, reserved 1079296K
  class space    used 4653K, capacity 4996K, committed 5120K, reserved 1048576K
}
Event: 3.873 GC heap before
{Heap before GC invocations=8 (full 0):
 garbage-first heap   total 129024K, used 86304K [0x0000000080000000, 0x0000000100000000)
  region size 1024K, 51 young (52224K), 5 survivors (5120K)
 Metaspace       used 40956K, capacity 42027K, committed 42240K, reserved 1085440K
  class space    used 5217K, capacity 5595K, committed 5632K, reserved 1048576K
}
Event: 3.880 GC heap after
{Heap after GC invocations=9 (full 0):
 garbage-first heap   total 129024K, used 40923K [0x0000000080000000, 0x0000000100000000)
  region size 1024K, 6 young (6144K), 6 survivors (6144K)
 Metaspace       used 40956K, capacity 42027K, committed 42240K, reserved 1085440K
  class space    used 5217K, capacity 5595K, committed 5632K, reserved 1048576K
}
Event: 4.319 GC heap before
{Heap before GC invocations=9 (full 0):
 garbage-first heap   total 129024K, used 91099K [0x0000000080000000, 0x0000000100000000)
  region size 1024K, 51 young (52224K), 6 survivors (6144K)
 Metaspace       used 44021K, capacity 45214K, committed 45312K, reserved 1089536K
  class space    used 5691K, capacity 6117K, committed 6144K, reserved 1048576K
}

