# JRE version: OpenJDK Runtime Environment (11.0.12+7) (build 11.0.12+7-b1504.28-7817840)
# Java VM: OpenJDK 64-Bit Server VM (11.0.12+7-b1504.28-7817840, mixed mode, tiered, compressed oops, g1 gc, windows-amd64)
Heap:
 garbage-first heap   total 129024K, used 66186K [0x0000000080000000, 0x0000000100000000)
  region size 1024K, 41 young (41984K), 8 survivors (8192K)
 Metaspace       used 30678K, capacity 31523K, committed 31616K, reserved 1077248K
  class space    used 4100K, capacity 4401K, committed 4480K, reserved 1048576K
GC Heap History (8 events):
Event: 0.724 GC heap before
{Heap before GC invocations=0 (full 0):
 garbage-first heap   total 129024K, used 29696K [0x0000000080000000, 0x0000000100000000)
  region size 1024K, 24 young (24576K), 0 survivors (0K)
 Metaspace       used 10200K, capacity 10391K, committed 10624K, reserved 1058816K
  class space    used 1062K, capacity 1106K, committed 1152K, reserved 1048576K
}
Event: 0.729 GC heap after
{Heap after GC invocations=1 (full 0):
 garbage-first heap   total 129024K, used 9420K [0x0000000080000000, 0x0000000100000000)
  region size 1024K, 3 young (3072K), 3 survivors (3072K)
 Metaspace       used 10200K, capacity 10391K, committed 10624K, reserved 1058816K
  class space    used 1062K, capacity 1106K, committed 1152K, reserved 1048576K
}
Event: 2.353 GC heap before
{Heap before GC invocations=1 (full 0):
 garbage-first heap   total 129024K, used 83148K [0x0000000080000000, 0x0000000100000000)
  region size 1024K, 75 young (76800K), 3 survivors (3072K)
 Metaspace       used 17790K, capacity 18186K, committed 18432K, reserved 1064960K
  class space    used 2086K, capacity 2228K, committed 2304K, reserved 1048576K
}
Event: 2.362 GC heap after
{Heap after GC invocations=2 (full 0):
 garbage-first heap   total 129024K, used 15652K [0x0000000080000000, 0x0000000100000000)
  region size 1024K, 10 young (10240K), 10 survivors (10240K)
 Metaspace       used 17790K, capacity 18186K, committed 18432K, reserved 1064960K
  class space    used 2086K, capacity 2228K, committed 2304K, reserved 1048576K
}
Event: 2.648 GC heap before
{Heap before GC invocations=2 (full 0):
 garbage-first heap   total 129024K, used 44324K [0x0000000080000000, 0x0000000100000000)
  region size 1024K, 39 young (39936K), 10 survivors (10240K)
 Metaspace       used 20726K, capacity 21158K, committed 21248K, reserved 1067008K
  class space    used 2547K, capacity 2729K, committed 2816K, reserved 1048576K
}
Event: 2.656 GC heap after
{Heap after GC invocations=3 (full 0):
 garbage-first heap   total 129024K, used 17050K [0x0000000080000000, 0x0000000100000000)
  region size 1024K, 2 young (2048K), 2 survivors (2048K)
 Metaspace       used 20726K, capacity 21158K, committed 21248K, reserved 1067008K
  class space    used 2547K, capacity 2729K, committed 2816K, reserved 1048576K
}
Event: 3.347 GC heap before
{Heap before GC invocations=4 (full 0):
 garbage-first heap   total 129024K, used 98970K [0x0000000080000000, 0x0000000100000000)
  region size 1024K, 72 young (73728K), 2 survivors (2048K)
 Metaspace       used 27953K, capacity 28677K, committed 28800K, reserved 1075200K
  class space    used 3676K, capacity 3940K, committed 3968K, reserved 1048576K
}
Event: 3.351 GC heap after
{Heap after GC invocations=5 (full 0):
 garbage-first heap   total 129024K, used 33418K [0x0000000080000000, 0x0000000100000000)
  region size 1024K, 8 young (8192K), 8 survivors (8192K)
 Metaspace       used 27953K, capacity 28677K, committed 28800K, reserved 1075200K
  class space    used 3676K, capacity 3940K, committed 3968K, reserved 1048576K
}

