# JRE version: OpenJDK Runtime Environment (11.0.12+7) (build 11.0.12+7-b1504.28-7817840)
# Java VM: OpenJDK 64-Bit Server VM (11.0.12+7-b1504.28-7817840, mixed mode, tiered, compressed oops, g1 gc, windows-amd64)
Heap:
 garbage-first heap   total 324608K, used 226876K [0x0000000080000000, 0x0000000100000000)
  region size 1024K, 2 young (2048K), 2 survivors (2048K)
 Metaspace       used 103107K, capacity 105661K, committed 105900K, reserved 1140736K
  class space    used 12979K, capacity 13945K, committed 13996K, reserved 1048576K
GC Heap History (20 events):
Event: 22.114 GC heap after
{Heap after GC invocations=42 (full 0):
 garbage-first heap   total 225280K, used 121469K [0x0000000080000000, 0x0000000100000000)
  region size 1024K, 7 young (7168K), 7 survivors (7168K)
 Metaspace       used 94072K, capacity 96483K, committed 96684K, reserved 1132544K
  class space    used 12065K, capacity 12929K, committed 12972K, reserved 1048576K
}
Event: 22.501 GC heap before
{Heap before GC invocations=42 (full 0):
 garbage-first heap   total 225280K, used 171645K [0x0000000080000000, 0x0000000100000000)
  region size 1024K, 56 young (57344K), 7 survivors (7168K)
 Metaspace       used 94604K, capacity 97042K, committed 97324K, reserved 1134592K
  class space    used 12083K, capacity 12980K, committed 13100K, reserved 1048576K
}
Event: 22.517 GC heap after
{Heap after GC invocations=43 (full 0):
 garbage-first heap   total 225280K, used 131281K [0x0000000080000000, 0x0000000100000000)
  region size 1024K, 7 young (7168K), 7 survivors (7168K)
 Metaspace       used 94604K, capacity 97042K, committed 97324K, reserved 1134592K
  class space    used 12083K, capacity 12980K, committed 13100K, reserved 1048576K
}
Event: 22.791 GC heap before
{Heap before GC invocations=44 (full 0):
 garbage-first heap   total 225280K, used 152785K [0x0000000080000000, 0x0000000100000000)
  region size 1024K, 29 young (29696K), 7 survivors (7168K)
 Metaspace       used 95705K, capacity 98257K, committed 98348K, reserved 1134592K
  class space    used 12158K, capacity 13085K, committed 13100K, reserved 1048576K
}
Event: 22.806 GC heap after
{Heap after GC invocations=45 (full 0):
 garbage-first heap   total 225280K, used 135187K [0x0000000080000000, 0x0000000100000000)
  region size 1024K, 3 young (3072K), 3 survivors (3072K)
 Metaspace       used 95705K, capacity 98257K, committed 98348K, reserved 1134592K
  class space    used 12158K, capacity 13085K, committed 13100K, reserved 1048576K
}
Event: 23.339 GC heap before
{Heap before GC invocations=46 (full 0):
 garbage-first heap   total 225280K, used 173075K [0x0000000080000000, 0x0000000100000000)
  region size 1024K, 39 young (39936K), 3 survivors (3072K)
 Metaspace       used 99305K, capacity 101791K, committed 102060K, reserved 1138688K
  class space    used 12507K, capacity 13409K, committed 13484K, reserved 1048576K
}
Event: 23.351 GC heap after
{Heap after GC invocations=47 (full 0):
 garbage-first heap   total 225280K, used 148847K [0x0000000080000000, 0x0000000100000000)
  region size 1024K, 5 young (5120K), 5 survivors (5120K)
 Metaspace       used 99305K, capacity 101791K, committed 102060K, reserved 1138688K
  class space    used 12507K, capacity 13409K, committed 13484K, reserved 1048576K
}
Event: 23.496 GC heap before
{Heap before GC invocations=47 (full 0):
 garbage-first heap   total 225280K, used 176495K [0x0000000080000000, 0x0000000100000000)
  region size 1024K, 32 young (32768K), 5 survivors (5120K)
 Metaspace       used 99484K, capacity 102028K, committed 102316K, reserved 1138688K
  class space    used 12519K, capacity 13446K, committed 13484K, reserved 1048576K
}
Event: 23.514 GC heap after
{Heap after GC invocations=48 (full 0):
 garbage-first heap   total 270336K, used 171008K [0x0000000080000000, 0x0000000100000000)
  region size 1024K, 4 young (4096K), 4 survivors (4096K)
 Metaspace       used 99484K, capacity 102028K, committed 102316K, reserved 1138688K
  class space    used 12519K, capacity 13446K, committed 13484K, reserved 1048576K
}
Event: 23.796 GC heap before
{Heap before GC invocations=48 (full 0):
 garbage-first heap   total 270336K, used 201728K [0x0000000080000000, 0x0000000100000000)
  region size 1024K, 34 young (34816K), 4 survivors (4096K)
 Metaspace       used 99996K, capacity 102540K, committed 102700K, reserved 1138688K
  class space    used 12579K, capacity 13510K, committed 13612K, reserved 1048576K
}
Event: 23.819 GC heap after
{Heap after GC invocations=49 (full 0):
 garbage-first heap   total 270336K, used 185269K [0x0000000080000000, 0x0000000100000000)
  region size 1024K, 5 young (5120K), 5 survivors (5120K)
 Metaspace       used 99996K, capacity 102540K, committed 102700K, reserved 1138688K
  class space    used 12579K, capacity 13510K, committed 13612K, reserved 1048576K
}
Event: 24.331 GC heap before
{Heap before GC invocations=50 (full 0):
 garbage-first heap   total 270336K, used 209845K [0x0000000080000000, 0x0000000100000000)
  region size 1024K, 29 young (29696K), 5 survivors (5120K)
 Metaspace       used 103037K, capacity 105592K, committed 105644K, reserved 1140736K
  class space    used 12979K, capacity 13945K, committed 13996K, reserved 1048576K
}
Event: 24.341 GC heap after
{Heap after GC invocations=51 (full 0):
 garbage-first heap   total 270336K, used 187961K [0x0000000080000000, 0x0000000100000000)
  region size 1024K, 2 young (2048K), 2 survivors (2048K)
 Metaspace       used 103037K, capacity 105592K, committed 105644K, reserved 1140736K
  class space    used 12979K, capacity 13945K, committed 13996K, reserved 1048576K
}
Event: 24.476 GC heap before
{Heap before GC invocations=51 (full 0):
 garbage-first heap   total 270336K, used 213561K [0x0000000080000000, 0x0000000100000000)
  region size 1024K, 27 young (27648K), 2 survivors (2048K)
 Metaspace       used 103064K, capacity 105594K, committed 105900K, reserved 1140736K
  class space    used 12979K, capacity 13945K, committed 13996K, reserved 1048576K
}
Event: 24.482 GC heap after
{Heap after GC invocations=52 (full 0):
 garbage-first heap   total 270336K, used 189168K [0x0000000080000000, 0x0000000100000000)
  region size 1024K, 3 young (3072K), 3 survivors (3072K)
 Metaspace       used 103064K, capacity 105594K, committed 105900K, reserved 1140736K
  class space    used 12979K, capacity 13945K, committed 13996K, reserved 1048576K
}
Event: 24.664 GC heap before
{Heap before GC invocations=52 (full 0):
 garbage-first heap   total 270336K, used 216816K [0x0000000080000000, 0x0000000100000000)
  region size 1024K, 30 young (30720K), 3 survivors (3072K)
 Metaspace       used 103104K, capacity 105660K, committed 105900K, reserved 1140736K
  class space    used 12979K, capacity 13945K, committed 13996K, reserved 1048576K
}
Event: 24.677 GC heap after
{Heap after GC invocations=53 (full 0):
 garbage-first heap   total 270336K, used 205961K [0x0000000080000000, 0x0000000100000000)
  region size 1024K, 4 young (4096K), 4 survivors (4096K)
 Metaspace       used 103104K, capacity 105660K, committed 105900K, reserved 1140736K
  class space    used 12979K, capacity 13945K, committed 13996K, reserved 1048576K
}
Event: 24.728 GC heap before
{Heap before GC invocations=53 (full 0):
 garbage-first heap   total 270336K, used 219273K [0x0000000080000000, 0x0000000100000000)
  region size 1024K, 18 young (18432K), 4 survivors (4096K)
 Metaspace       used 103107K, capacity 105661K, committed 105900K, reserved 1140736K
  class space    used 12979K, capacity 13945K, committed 13996K, reserved 1048576K
}
Event: 24.742 GC heap after
{Heap after GC invocations=54 (full 0):
 garbage-first heap   total 270336K, used 218112K [0x0000000080000000, 0x0000000100000000)
  region size 1024K, 3 young (3072K), 3 survivors (3072K)
 Metaspace       used 103107K, capacity 105661K, committed 105900K, reserved 1140736K
  class space    used 12979K, capacity 13945K, committed 13996K, reserved 1048576K
}
Event: 24.777 GC heap before
{Heap before GC invocations=54 (full 0):
 garbage-first heap   total 270336K, used 228352K [0x0000000080000000, 0x0000000100000000)
  region size 1024K, 13 young (13312K), 3 survivors (3072K)
 Metaspace       used 103107K, capacity 105661K, committed 105900K, reserved 1140736K
  class space    used 12979K, capacity 13945K, committed 13996K, reserved 1048576K
}

