# JRE version: OpenJDK Runtime Environment (11.0.12+7) (build 11.0.12+7-b1504.28-7817840)
# Java VM: OpenJDK 64-Bit Server VM (11.0.12+7-b1504.28-7817840, mixed mode, tiered, compressed oops, g1 gc, windows-amd64)
Heap:
 garbage-first heap   total 270336K, used 154142K [0x0000000080000000, 0x0000000100000000)
  region size 1024K, 7 young (7168K), 7 survivors (7168K)
 Metaspace       used 99307K, capacity 101753K, committed 102648K, reserved 1138688K
  class space    used 12510K, capacity 13439K, committed 13816K, reserved 1048576K
GC Heap History (20 events):
Event: 8.746 GC heap after
{Heap after GC invocations=17 (full 0):
 garbage-first heap   total 187392K, used 63129K [0x0000000080000000, 0x0000000100000000)
  region size 1024K, 10 young (10240K), 10 survivors (10240K)
 Metaspace       used 73324K, capacity 75014K, committed 75256K, reserved 1114112K
  class space    used 9521K, capacity 10155K, committed 10232K, reserved 1048576K
}
Event: 9.632 GC heap before
{Heap before GC invocations=17 (full 0):
 garbage-first heap   total 187392K, used 144025K [0x0000000080000000, 0x0000000100000000)
  region size 1024K, 89 young (91136K), 10 survivors (10240K)
 Metaspace       used 80746K, capacity 82628K, committed 82680K, reserved 1120256K
  class space    used 10539K, capacity 11232K, committed 11256K, reserved 1048576K
}
Event: 9.644 GC heap after
{Heap after GC invocations=18 (full 0):
 garbage-first heap   total 187392K, used 68946K [0x0000000080000000, 0x0000000100000000)
  region size 1024K, 11 young (11264K), 11 survivors (11264K)
 Metaspace       used 80746K, capacity 82628K, committed 82680K, reserved 1120256K
  class space    used 10539K, capacity 11232K, committed 11256K, reserved 1048576K
}
Event: 10.563 GC heap before
{Heap before GC invocations=18 (full 0):
 garbage-first heap   total 187392K, used 145746K [0x0000000080000000, 0x0000000100000000)
  region size 1024K, 87 young (89088K), 11 survivors (11264K)
 Metaspace       used 85691K, capacity 88101K, committed 88184K, reserved 1126400K
  class space    used 11199K, capacity 12113K, committed 12152K, reserved 1048576K
}
Event: 10.578 GC heap after
{Heap after GC invocations=19 (full 0):
 garbage-first heap   total 187392K, used 78284K [0x0000000080000000, 0x0000000100000000)
  region size 1024K, 11 young (11264K), 11 survivors (11264K)
 Metaspace       used 85691K, capacity 88101K, committed 88184K, reserved 1126400K
  class space    used 11199K, capacity 12113K, committed 12152K, reserved 1048576K
}
Event: 11.040 GC heap before
{Heap before GC invocations=19 (full 0):
 garbage-first heap   total 187392K, used 146892K [0x0000000080000000, 0x0000000100000000)
  region size 1024K, 79 young (80896K), 11 survivors (11264K)
 Metaspace       used 86022K, capacity 88461K, committed 88696K, reserved 1126400K
  class space    used 11201K, capacity 12115K, committed 12152K, reserved 1048576K
}
Event: 11.056 GC heap after
{Heap after GC invocations=20 (full 0):
 garbage-first heap   total 225280K, used 84720K [0x0000000080000000, 0x0000000100000000)
  region size 1024K, 6 young (6144K), 6 survivors (6144K)
 Metaspace       used 86022K, capacity 88461K, committed 88696K, reserved 1126400K
  class space    used 11201K, capacity 12115K, committed 12152K, reserved 1048576K
}
Event: 11.511 GC heap before
{Heap before GC invocations=20 (full 0):
 garbage-first heap   total 225280K, used 166640K [0x0000000080000000, 0x0000000100000000)
  region size 1024K, 86 young (88064K), 6 survivors (6144K)
 Metaspace       used 86647K, capacity 89098K, committed 89336K, reserved 1126400K
  class space    used 11236K, capacity 12175K, committed 12280K, reserved 1048576K
}
Event: 11.522 GC heap after
{Heap after GC invocations=21 (full 0):
 garbage-first heap   total 225280K, used 89329K [0x0000000080000000, 0x0000000100000000)
  region size 1024K, 11 young (11264K), 11 survivors (11264K)
 Metaspace       used 86647K, capacity 89098K, committed 89336K, reserved 1126400K
  class space    used 11236K, capacity 12175K, committed 12280K, reserved 1048576K
}
Event: 12.089 GC heap before
{Heap before GC invocations=21 (full 0):
 garbage-first heap   total 225280K, used 170225K [0x0000000080000000, 0x0000000100000000)
  region size 1024K, 91 young (93184K), 11 survivors (11264K)
 Metaspace       used 87042K, capacity 89506K, committed 89592K, reserved 1126400K
  class space    used 11277K, capacity 12219K, committed 12280K, reserved 1048576K
}
Event: 12.104 GC heap after
{Heap after GC invocations=22 (full 0):
 garbage-first heap   total 225280K, used 94020K [0x0000000080000000, 0x0000000100000000)
  region size 1024K, 7 young (7168K), 7 survivors (7168K)
 Metaspace       used 87042K, capacity 89506K, committed 89592K, reserved 1126400K
  class space    used 11277K, capacity 12219K, committed 12280K, reserved 1048576K
}
Event: 12.545 GC heap before
{Heap before GC invocations=22 (full 0):
 garbage-first heap   total 225280K, used 173892K [0x0000000080000000, 0x0000000100000000)
  region size 1024K, 86 young (88064K), 7 survivors (7168K)
 Metaspace       used 87279K, capacity 89713K, committed 89848K, reserved 1126400K
  class space    used 11308K, capacity 12236K, committed 12280K, reserved 1048576K
}
Event: 12.554 GC heap after
{Heap after GC invocations=23 (full 0):
 garbage-first heap   total 225280K, used 98840K [0x0000000080000000, 0x0000000100000000)
  region size 1024K, 7 young (7168K), 7 survivors (7168K)
 Metaspace       used 87279K, capacity 89713K, committed 89848K, reserved 1126400K
  class space    used 11308K, capacity 12236K, committed 12280K, reserved 1048576K
}
Event: 13.906 GC heap before
{Heap before GC invocations=23 (full 0):
 garbage-first heap   total 225280K, used 177688K [0x0000000080000000, 0x0000000100000000)
  region size 1024K, 85 young (87040K), 7 survivors (7168K)
 Metaspace       used 94140K, capacity 96863K, committed 97016K, reserved 1132544K
  class space    used 12180K, capacity 13170K, committed 13304K, reserved 1048576K
}
Event: 13.918 GC heap after
{Heap after GC invocations=24 (full 0):
 garbage-first heap   total 225280K, used 107160K [0x0000000080000000, 0x0000000100000000)
  region size 1024K, 10 young (10240K), 10 survivors (10240K)
 Metaspace       used 94140K, capacity 96863K, committed 97016K, reserved 1132544K
  class space    used 12180K, capacity 13170K, committed 13304K, reserved 1048576K
}
Event: 15.443 GC heap before
{Heap before GC invocations=24 (full 0):
 garbage-first heap   total 225280K, used 182936K [0x0000000080000000, 0x0000000100000000)
  region size 1024K, 82 young (83968K), 10 survivors (10240K)
 Metaspace       used 95041K, capacity 97816K, committed 98040K, reserved 1134592K
  class space    used 12233K, capacity 13268K, committed 13304K, reserved 1048576K
}
Event: 15.460 GC heap after
{Heap after GC invocations=25 (full 0):
 garbage-first heap   total 225280K, used 127217K [0x0000000080000000, 0x0000000100000000)
  region size 1024K, 11 young (11264K), 11 survivors (11264K)
 Metaspace       used 95041K, capacity 97816K, committed 98040K, reserved 1134592K
  class space    used 12233K, capacity 13268K, committed 13304K, reserved 1048576K
}
Event: 15.759 GC heap before
{Heap before GC invocations=25 (full 0):
 garbage-first heap   total 225280K, used 165105K [0x0000000080000000, 0x0000000100000000)
  region size 1024K, 49 young (50176K), 11 survivors (11264K)
 Metaspace       used 96184K, capacity 98973K, committed 99192K, reserved 1134592K
  class space    used 12307K, capacity 13373K, committed 13432K, reserved 1048576K
}
Event: 15.775 GC heap after
{Heap after GC invocations=26 (full 0):
 garbage-first heap   total 225280K, used 134435K [0x0000000080000000, 0x0000000100000000)
  region size 1024K, 6 young (6144K), 6 survivors (6144K)
 Metaspace       used 96184K, capacity 98973K, committed 99192K, reserved 1134592K
  class space    used 12307K, capacity 13373K, committed 13432K, reserved 1048576K
}
Event: 16.353 GC heap before
{Heap before GC invocations=27 (full 0):
 garbage-first heap   total 225280K, used 179491K [0x0000000080000000, 0x0000000100000000)
  region size 1024K, 49 young (50176K), 6 survivors (6144K)
 Metaspace       used 99307K, capacity 101753K, committed 102648K, reserved 1138688K
  class space    used 12510K, capacity 13439K, committed 13816K, reserved 1048576K
}

