# JRE version: OpenJDK Runtime Environment (11.0.12+7) (build 11.0.12+7-b1504.28-7817840)
# Java VM: OpenJDK 64-Bit Server VM (11.0.12+7-b1504.28-7817840, mixed mode, tiered, compressed oops, g1 gc, windows-amd64)
Heap:
 garbage-first heap   total 155648K, used 49905K [0x0000000080000000, 0x0000000100000000)
  region size 1024K, 5 young (5120K), 5 survivors (5120K)
 Metaspace       used 45600K, capacity 46845K, committed 46976K, reserved 1089536K
  class space    used 5789K, capacity 6233K, committed 6272K, reserved 1048576K
GC Heap History (15 events):
Event: 0.532 GC heap before
{Heap before GC invocations=0 (full 0):
 garbage-first heap   total 129024K, used 29696K [0x0000000080000000, 0x0000000100000000)
  region size 1024K, 24 young (24576K), 0 survivors (0K)
 Metaspace       used 10199K, capacity 10391K, committed 10624K, reserved 1058816K
  class space    used 1062K, capacity 1106K, committed 1152K, reserved 1048576K
}
Event: 0.536 GC heap after
{Heap after GC invocations=1 (full 0):
 garbage-first heap   total 129024K, used 9123K [0x0000000080000000, 0x0000000100000000)
  region size 1024K, 3 young (3072K), 3 survivors (3072K)
 Metaspace       used 10199K, capacity 10391K, committed 10624K, reserved 1058816K
  class space    used 1062K, capacity 1106K, committed 1152K, reserved 1048576K
}
Event: 1.856 GC heap before
{Heap before GC invocations=1 (full 0):
 garbage-first heap   total 129024K, used 82851K [0x0000000080000000, 0x0000000100000000)
  region size 1024K, 75 young (76800K), 3 survivors (3072K)
 Metaspace       used 17709K, capacity 18122K, committed 18432K, reserved 1064960K
  class space    used 2078K, capacity 2228K, committed 2304K, reserved 1048576K
}
Event: 1.862 GC heap after
{Heap after GC invocations=2 (full 0):
 garbage-first heap   total 129024K, used 15956K [0x0000000080000000, 0x0000000100000000)
  region size 1024K, 10 young (10240K), 10 survivors (10240K)
 Metaspace       used 17709K, capacity 18122K, committed 18432K, reserved 1064960K
  class space    used 2078K, capacity 2228K, committed 2304K, reserved 1048576K
}
Event: 2.068 GC heap before
{Heap before GC invocations=2 (full 0):
 garbage-first heap   total 129024K, used 46676K [0x0000000080000000, 0x0000000100000000)
  region size 1024K, 41 young (41984K), 10 survivors (10240K)
 Metaspace       used 20739K, capacity 21158K, committed 21248K, reserved 1067008K
  class space    used 2553K, capacity 2729K, committed 2816K, reserved 1048576K
}
Event: 2.074 GC heap after
{Heap after GC invocations=3 (full 0):
 garbage-first heap   total 129024K, used 16865K [0x0000000080000000, 0x0000000100000000)
  region size 1024K, 2 young (2048K), 2 survivors (2048K)
 Metaspace       used 20739K, capacity 21158K, committed 21248K, reserved 1067008K
  class space    used 2553K, capacity 2729K, committed 2816K, reserved 1048576K
}
Event: 2.503 GC heap before
{Heap before GC invocations=4 (full 0):
 garbage-first heap   total 129024K, used 74209K [0x0000000080000000, 0x0000000100000000)
  region size 1024K, 58 young (59392K), 2 survivors (2048K)
 Metaspace       used 27085K, capacity 27725K, committed 27904K, reserved 1073152K
  class space    used 3537K, capacity 3758K, committed 3840K, reserved 1048576K
}
Event: 2.505 GC heap after
{Heap after GC invocations=5 (full 0):
 garbage-first heap   total 129024K, used 18936K [0x0000000080000000, 0x0000000100000000)
  region size 1024K, 4 young (4096K), 4 survivors (4096K)
 Metaspace       used 27085K, capacity 27725K, committed 27904K, reserved 1073152K
  class space    used 3537K, capacity 3758K, committed 3840K, reserved 1048576K
}
Event: 3.052 GC heap before
{Heap before GC invocations=5 (full 0):
 garbage-first heap   total 129024K, used 91640K [0x0000000080000000, 0x0000000100000000)
  region size 1024K, 66 young (67584K), 4 survivors (4096K)
 Metaspace       used 32224K, capacity 33131K, committed 33408K, reserved 1077248K
  class space    used 4356K, capacity 4681K, committed 4736K, reserved 1048576K
}
Event: 3.056 GC heap after
{Heap after GC invocations=6 (full 0):
 garbage-first heap   total 129024K, used 34543K [0x0000000080000000, 0x0000000100000000)
  region size 1024K, 9 young (9216K), 9 survivors (9216K)
 Metaspace       used 32224K, capacity 33131K, committed 33408K, reserved 1077248K
  class space    used 4356K, capacity 4681K, committed 4736K, reserved 1048576K
}
Event: 3.243 GC heap before
{Heap before GC invocations=6 (full 0):
 garbage-first heap   total 129024K, used 46831K [0x0000000080000000, 0x0000000100000000)
  region size 1024K, 22 young (22528K), 9 survivors (9216K)
 Metaspace       used 34747K, capacity 35678K, committed 35840K, reserved 1079296K
  class space    used 4653K, capacity 4997K, committed 5120K, reserved 1048576K
}
Event: 3.251 GC heap after
{Heap after GC invocations=7 (full 0):
 garbage-first heap   total 129024K, used 36028K [0x0000000080000000, 0x0000000100000000)
  region size 1024K, 2 young (2048K), 2 survivors (2048K)
 Metaspace       used 34747K, capacity 35678K, committed 35840K, reserved 1079296K
  class space    used 4653K, capacity 4997K, committed 5120K, reserved 1048576K
}
Event: 3.712 GC heap before
{Heap before GC invocations=8 (full 0):
 garbage-first heap   total 129024K, used 93372K [0x0000000080000000, 0x0000000100000000)
  region size 1024K, 55 young (56320K), 2 survivors (2048K)
 Metaspace       used 41650K, capacity 42639K, committed 42880K, reserved 1087488K
  class space    used 5307K, capacity 5671K, committed 5760K, reserved 1048576K
}
Event: 3.718 GC heap after
{Heap after GC invocations=9 (full 0):
 garbage-first heap   total 129024K, used 41921K [0x0000000080000000, 0x0000000100000000)
  region size 1024K, 7 young (7168K), 7 survivors (7168K)
 Metaspace       used 41650K, capacity 42639K, committed 42880K, reserved 1087488K
  class space    used 5307K, capacity 5671K, committed 5760K, reserved 1048576K
}
Event: 4.164 GC heap before
{Heap before GC invocations=9 (full 0):
 garbage-first heap   total 129024K, used 99265K [0x0000000080000000, 0x0000000100000000)
  region size 1024K, 58 young (59392K), 7 survivors (7168K)
 Metaspace       used 45600K, capacity 46845K, committed 46976K, reserved 1089536K
  class space    used 5789K, capacity 6233K, committed 6272K, reserved 1048576K
}

