# JRE version: OpenJDK Runtime Environment (11.0.12+7) (build 11.0.12+7-b1504.28-7817840)
# Java VM: OpenJDK 64-Bit Server VM (11.0.12+7-b1504.28-7817840, mixed mode, tiered, compressed oops, g1 gc, windows-amd64)
Heap:
 garbage-first heap   total 155648K, used 104254K [0x0000000080000000, 0x0000000100000000)
  region size 1024K, 50 young (51200K), 8 survivors (8192K)
 Metaspace       used 57072K, capacity 58889K, committed 59136K, reserved 1099776K
  class space    used 7436K, capacity 8067K, committed 8192K, reserved 1048576K
GC Heap History (20 events):
Event: 0.978 GC heap before
{Heap before GC invocations=1 (full 0):
 garbage-first heap   total 129024K, used 30682K [0x0000000080000000, 0x0000000100000000)
  region size 1024K, 24 young (24576K), 3 survivors (3072K)
 Metaspace       used 11223K, capacity 11444K, committed 11520K, reserved 1058816K
  class space    used 1173K, capacity 1244K, committed 1280K, reserved 1048576K
}
Event: 0.982 GC heap after
{Heap after GC invocations=2 (full 0):
 garbage-first heap   total 129024K, used 10064K [0x0000000080000000, 0x0000000100000000)
  region size 1024K, 1 young (1024K), 1 survivors (1024K)
 Metaspace       used 11223K, capacity 11444K, committed 11520K, reserved 1058816K
  class space    used 1173K, capacity 1244K, committed 1280K, reserved 1048576K
}
Event: 2.358 GC heap before
{Heap before GC invocations=2 (full 0):
 garbage-first heap   total 129024K, used 65360K [0x0000000080000000, 0x0000000100000000)
  region size 1024K, 54 young (55296K), 1 survivors (1024K)
 Metaspace       used 17963K, capacity 18346K, committed 18432K, reserved 1064960K
  class space    used 2121K, capacity 2260K, committed 2304K, reserved 1048576K
}
Event: 2.362 GC heap after
{Heap after GC invocations=3 (full 0):
 garbage-first heap   total 129024K, used 16295K [0x0000000080000000, 0x0000000100000000)
  region size 1024K, 7 young (7168K), 7 survivors (7168K)
 Metaspace       used 17963K, capacity 18346K, committed 18432K, reserved 1064960K
  class space    used 2121K, capacity 2260K, committed 2304K, reserved 1048576K
}
Event: 2.578 GC heap before
{Heap before GC invocations=3 (full 0):
 garbage-first heap   total 129024K, used 42919K [0x0000000080000000, 0x0000000100000000)
  region size 1024K, 34 young (34816K), 7 survivors (7168K)
 Metaspace       used 20721K, capacity 21158K, committed 21248K, reserved 1067008K
  class space    used 2548K, capacity 2729K, committed 2816K, reserved 1048576K
}
Event: 2.585 GC heap after
{Heap after GC invocations=4 (full 0):
 garbage-first heap   total 129024K, used 17739K [0x0000000080000000, 0x0000000100000000)
  region size 1024K, 1 young (1024K), 1 survivors (1024K)
 Metaspace       used 20721K, capacity 21158K, committed 21248K, reserved 1067008K
  class space    used 2548K, capacity 2729K, committed 2816K, reserved 1048576K
}
Event: 3.064 GC heap before
{Heap before GC invocations=5 (full 0):
 garbage-first heap   total 129024K, used 72011K [0x0000000080000000, 0x0000000100000000)
  region size 1024K, 54 young (55296K), 1 survivors (1024K)
 Metaspace       used 26762K, capacity 27384K, committed 27520K, reserved 1073152K
  class space    used 3480K, capacity 3708K, committed 3712K, reserved 1048576K
}
Event: 3.066 GC heap after
{Heap after GC invocations=6 (full 0):
 garbage-first heap   total 129024K, used 19787K [0x0000000080000000, 0x0000000100000000)
  region size 1024K, 3 young (3072K), 3 survivors (3072K)
 Metaspace       used 26762K, capacity 27384K, committed 27520K, reserved 1073152K
  class space    used 3480K, capacity 3708K, committed 3712K, reserved 1048576K
}
Event: 3.627 GC heap before
{Heap before GC invocations=6 (full 0):
 garbage-first heap   total 129024K, used 88395K [0x0000000080000000, 0x0000000100000000)
  region size 1024K, 60 young (61440K), 3 survivors (3072K)
 Metaspace       used 31651K, capacity 32507K, committed 32768K, reserved 1077248K
  class space    used 4258K, capacity 4579K, committed 4608K, reserved 1048576K
}
Event: 3.633 GC heap after
{Heap after GC invocations=7 (full 0):
 garbage-first heap   total 129024K, used 35217K [0x0000000080000000, 0x0000000100000000)
  region size 1024K, 8 young (8192K), 8 survivors (8192K)
 Metaspace       used 31651K, capacity 32507K, committed 32768K, reserved 1077248K
  class space    used 4258K, capacity 4579K, committed 4608K, reserved 1048576K
}
Event: 3.862 GC heap before
{Heap before GC invocations=7 (full 0):
 garbage-first heap   total 129024K, used 53649K [0x0000000080000000, 0x0000000100000000)
  region size 1024K, 27 young (27648K), 8 survivors (8192K)
 Metaspace       used 34771K, capacity 35684K, committed 35840K, reserved 1079296K
  class space    used 4649K, capacity 4999K, committed 5120K, reserved 1048576K
}
Event: 3.871 GC heap after
{Heap after GC invocations=8 (full 0):
 garbage-first heap   total 155648K, used 36658K [0x0000000080000000, 0x0000000100000000)
  region size 1024K, 2 young (2048K), 2 survivors (2048K)
 Metaspace       used 34771K, capacity 35684K, committed 35840K, reserved 1079296K
  class space    used 4649K, capacity 4999K, committed 5120K, reserved 1048576K
}
Event: 4.360 GC heap before
{Heap before GC invocations=9 (full 0):
 garbage-first heap   total 155648K, used 92978K [0x0000000080000000, 0x0000000100000000)
  region size 1024K, 55 young (56320K), 2 survivors (2048K)
 Metaspace       used 41673K, capacity 42652K, committed 42880K, reserved 1087488K
  class space    used 5304K, capacity 5674K, committed 5760K, reserved 1048576K
}
Event: 4.365 GC heap after
{Heap after GC invocations=10 (full 0):
 garbage-first heap   total 155648K, used 42460K [0x0000000080000000, 0x0000000100000000)
  region size 1024K, 7 young (7168K), 7 survivors (7168K)
 Metaspace       used 41673K, capacity 42652K, committed 42880K, reserved 1087488K
  class space    used 5304K, capacity 5674K, committed 5760K, reserved 1048576K
}
Event: 5.025 GC heap before
{Heap before GC invocations=10 (full 0):
 garbage-first heap   total 155648K, used 101852K [0x0000000080000000, 0x0000000100000000)
  region size 1024K, 60 young (61440K), 7 survivors (7168K)
 Metaspace       used 45765K, capacity 46916K, committed 46976K, reserved 1089536K
  class space    used 5798K, capacity 6235K, committed 6272K, reserved 1048576K
}
Event: 5.034 GC heap after
{Heap after GC invocations=11 (full 0):
 garbage-first heap   total 155648K, used 50456K [0x0000000080000000, 0x0000000100000000)
  region size 1024K, 5 young (5120K), 5 survivors (5120K)
 Metaspace       used 45765K, capacity 46916K, committed 46976K, reserved 1089536K
  class space    used 5798K, capacity 6235K, committed 6272K, reserved 1048576K
}
Event: 5.631 GC heap before
{Heap before GC invocations=11 (full 0):
 garbage-first heap   total 155648K, used 103704K [0x0000000080000000, 0x0000000100000000)
  region size 1024K, 57 young (58368K), 5 survivors (5120K)
 Metaspace       used 51241K, capacity 52624K, committed 52736K, reserved 1095680K
  class space    used 6571K, capacity 7071K, committed 7168K, reserved 1048576K
}
Event: 5.638 GC heap after
{Heap after GC invocations=12 (full 0):
 garbage-first heap   total 155648K, used 54547K [0x0000000080000000, 0x0000000100000000)
  region size 1024K, 8 young (8192K), 8 survivors (8192K)
 Metaspace       used 51241K, capacity 52624K, committed 52736K, reserved 1095680K
  class space    used 6571K, capacity 7071K, committed 7168K, reserved 1048576K
}
Event: 6.220 GC heap before
{Heap before GC invocations=12 (full 0):
 garbage-first heap   total 155648K, used 112915K [0x0000000080000000, 0x0000000100000000)
  region size 1024K, 61 young (62464K), 8 survivors (8192K)
 Metaspace       used 54538K, capacity 56102K, committed 56448K, reserved 1097728K
  class space    used 7118K, capacity 7698K, committed 7808K, reserved 1048576K
}
Event: 6.228 GC heap after
{Heap after GC invocations=13 (full 0):
 garbage-first heap   total 155648K, used 62270K [0x0000000080000000, 0x0000000100000000)
  region size 1024K, 8 young (8192K), 8 survivors (8192K)
 Metaspace       used 54538K, capacity 56102K, committed 56448K, reserved 1097728K
  class space    used 7118K, capacity 7698K, committed 7808K, reserved 1048576K
}

